Analysis & Synthesis report for brick_breaker
Mon Dec 07 10:04:33 2020
Quartus Prime Version 20.1.0 Build 711 06/05/2020 SJ Lite Edition


---------------------
; Table of Contents ;
---------------------
  1. Legal Notice
  2. Analysis & Synthesis Summary
  3. Analysis & Synthesis Settings
  4. Parallel Compilation
  5. Analysis & Synthesis Messages
  6. Analysis & Synthesis Suppressed Messages



----------------
; Legal Notice ;
----------------
Copyright (C) 2020  Intel Corporation. All rights reserved.
Your use of Intel Corporation's design tools, logic functions 
and other software and tools, and any partner logic 
functions, and any output files from any of the foregoing 
(including device programming or simulation files), and any 
associated documentation or information are expressly subject 
to the terms and conditions of the Intel Program License 
Subscription Agreement, the Intel Quartus Prime License Agreement,
the Intel FPGA IP License Agreement, or other applicable license
agreement, including, without limitation, that your use is for
the sole purpose of programming logic devices manufactured by
Intel and sold by Intel or its authorized distributors.  Please
refer to the applicable agreement for further details, at
https://fpgasoftware.intel.com/eula.



+----------------------------------------------------------------------------------+
; Analysis & Synthesis Summary                                                     ;
+------------------------------------+---------------------------------------------+
; Analysis & Synthesis Status        ; Failed - Mon Dec 07 10:04:33 2020           ;
; Quartus Prime Version              ; 20.1.0 Build 711 06/05/2020 SJ Lite Edition ;
; Revision Name                      ; brick_breaker                               ;
; Top-level Entity Name              ; brick_breaker                               ;
; Family                             ; MAX 10                                      ;
; Total logic elements               ; N/A until Partition Merge                   ;
;     Total combinational functions  ; N/A until Partition Merge                   ;
;     Dedicated logic registers      ; N/A until Partition Merge                   ;
; Total registers                    ; N/A until Partition Merge                   ;
; Total pins                         ; N/A until Partition Merge                   ;
; Total virtual pins                 ; N/A until Partition Merge                   ;
; Total memory bits                  ; N/A until Partition Merge                   ;
; Embedded Multiplier 9-bit elements ; N/A until Partition Merge                   ;
; Total PLLs                         ; N/A until Partition Merge                   ;
; UFM blocks                         ; N/A until Partition Merge                   ;
; ADC blocks                         ; N/A until Partition Merge                   ;
+------------------------------------+---------------------------------------------+


+------------------------------------------------------------------------------------------------------------+
; Analysis & Synthesis Settings                                                                              ;
+------------------------------------------------------------------+--------------------+--------------------+
; Option                                                           ; Setting            ; Default Value      ;
+------------------------------------------------------------------+--------------------+--------------------+
; Device                                                           ; 10M50DAF484C7G     ;                    ;
; Top-level entity name                                            ; brick_breaker      ; brick_breaker      ;
; Family name                                                      ; MAX 10 FPGA        ; Cyclone V          ;
; Use smart compilation                                            ; Off                ; Off                ;
; Enable parallel Assembler and Timing Analyzer during compilation ; On                 ; On                 ;
; Enable compact report table                                      ; Off                ; Off                ;
; Restructure Multiplexers                                         ; Auto               ; Auto               ;
; Create Debugging Nodes for IP Cores                              ; Off                ; Off                ;
; Preserve fewer node names                                        ; On                 ; On                 ;
; Intel FPGA IP Evaluation Mode                                    ; Enable             ; Enable             ;
; Verilog Version                                                  ; Verilog_2001       ; Verilog_2001       ;
; VHDL Version                                                     ; VHDL_1993          ; VHDL_1993          ;
; State Machine Processing                                         ; Auto               ; Auto               ;
; Safe State Machine                                               ; Off                ; Off                ;
; Extract Verilog State Machines                                   ; On                 ; On                 ;
; Extract VHDL State Machines                                      ; On                 ; On                 ;
; Ignore Verilog initial constructs                                ; Off                ; Off                ;
; Iteration limit for constant Verilog loops                       ; 5000               ; 5000               ;
; Iteration limit for non-constant Verilog loops                   ; 250                ; 250                ;
; Add Pass-Through Logic to Inferred RAMs                          ; On                 ; On                 ;
; Infer RAMs from Raw Logic                                        ; On                 ; On                 ;
; Parallel Synthesis                                               ; On                 ; On                 ;
; DSP Block Balancing                                              ; Auto               ; Auto               ;
; NOT Gate Push-Back                                               ; On                 ; On                 ;
; Power-Up Don't Care                                              ; On                 ; On                 ;
; Remove Redundant Logic Cells                                     ; Off                ; Off                ;
; Remove Duplicate Registers                                       ; On                 ; On                 ;
; Ignore CARRY Buffers                                             ; Off                ; Off                ;
; Ignore CASCADE Buffers                                           ; Off                ; Off                ;
; Ignore GLOBAL Buffers                                            ; Off                ; Off                ;
; Ignore ROW GLOBAL Buffers                                        ; Off                ; Off                ;
; Ignore LCELL Buffers                                             ; Off                ; Off                ;
; Ignore SOFT Buffers                                              ; On                 ; On                 ;
; Limit AHDL Integers to 32 Bits                                   ; Off                ; Off                ;
; Optimization Technique                                           ; Balanced           ; Balanced           ;
; Carry Chain Length                                               ; 70                 ; 70                 ;
; Auto Carry Chains                                                ; On                 ; On                 ;
; Auto Open-Drain Pins                                             ; On                 ; On                 ;
; Perform WYSIWYG Primitive Resynthesis                            ; Off                ; Off                ;
; Auto ROM Replacement                                             ; On                 ; On                 ;
; Auto RAM Replacement                                             ; On                 ; On                 ;
; Auto DSP Block Replacement                                       ; On                 ; On                 ;
; Auto Shift Register Replacement                                  ; Auto               ; Auto               ;
; Allow Shift Register Merging across Hierarchies                  ; Auto               ; Auto               ;
; Auto Clock Enable Replacement                                    ; On                 ; On                 ;
; Strict RAM Replacement                                           ; Off                ; Off                ;
; Allow Synchronous Control Signals                                ; On                 ; On                 ;
; Force Use of Synchronous Clear Signals                           ; Off                ; Off                ;
; Auto RAM Block Balancing                                         ; On                 ; On                 ;
; Auto RAM to Logic Cell Conversion                                ; Off                ; Off                ;
; Auto Resource Sharing                                            ; Off                ; Off                ;
; Allow Any RAM Size For Recognition                               ; Off                ; Off                ;
; Allow Any ROM Size For Recognition                               ; Off                ; Off                ;
; Allow Any Shift Register Size For Recognition                    ; Off                ; Off                ;
; Use LogicLock Constraints during Resource Balancing              ; On                 ; On                 ;
; Ignore translate_off and synthesis_off directives                ; Off                ; Off                ;
; Timing-Driven Synthesis                                          ; On                 ; On                 ;
; Report Parameter Settings                                        ; On                 ; On                 ;
; Report Source Assignments                                        ; On                 ; On                 ;
; Report Connectivity Checks                                       ; On                 ; On                 ;
; Ignore Maximum Fan-Out Assignments                               ; Off                ; Off                ;
; Synchronization Register Chain Length                            ; 2                  ; 2                  ;
; Power Optimization During Synthesis                              ; Normal compilation ; Normal compilation ;
; HDL message level                                                ; Level2             ; Level2             ;
; Suppress Register Optimization Related Messages                  ; Off                ; Off                ;
; Number of Removed Registers Reported in Synthesis Report         ; 5000               ; 5000               ;
; Number of Swept Nodes Reported in Synthesis Report               ; 5000               ; 5000               ;
; Number of Inverted Registers Reported in Synthesis Report        ; 100                ; 100                ;
; Clock MUX Protection                                             ; On                 ; On                 ;
; Auto Gated Clock Conversion                                      ; Off                ; Off                ;
; Block Design Naming                                              ; Auto               ; Auto               ;
; SDC constraint protection                                        ; Off                ; Off                ;
; Synthesis Effort                                                 ; Auto               ; Auto               ;
; Shift Register Replacement - Allow Asynchronous Clear Signal     ; On                 ; On                 ;
; Pre-Mapping Resynthesis Optimization                             ; Off                ; Off                ;
; Analysis & Synthesis Message Level                               ; Medium             ; Medium             ;
; Disable Register Merging Across Hierarchies                      ; Auto               ; Auto               ;
; Resource Aware Inference For Block RAM                           ; On                 ; On                 ;
+------------------------------------------------------------------+--------------------+--------------------+


+------------------------------------------+
; Parallel Compilation                     ;
+----------------------------+-------------+
; Processors                 ; Number      ;
+----------------------------+-------------+
; Number detected on machine ; 4           ;
; Maximum allowed            ; 2           ;
;                            ;             ;
; Average used               ; 1.00        ;
; Maximum used               ; 1           ;
;                            ;             ;
; Usage by Processor         ; % Time Used ;
;     Processor 1            ; 100.0%      ;
+----------------------------+-------------+


+-------------------------------+
; Analysis & Synthesis Messages ;
+-------------------------------+
Info: *******************************************************************
Info: Running Quartus Prime Analysis & Synthesis
    Info: Version 20.1.0 Build 711 06/05/2020 SJ Lite Edition
    Info: Processing started: Mon Dec 07 10:04:08 2020
Info: Command: quartus_map --read_settings_files=on --write_settings_files=off brick_breaker -c brick_breaker
Warning (18236): Number of processors has not been specified which may cause overloading on shared machines.  Set the global assignment NUM_PARALLEL_PROCESSORS in your QSF to an appropriate value for best performance.
Info (20030): Parallel compilation is enabled and will use 2 of the 2 processors detected
Error (10500): VHDL syntax error at ball_movement.vhd(15) near text ")";  expecting an identifier, or "constant", or "file", or "signal", or "variable" File: C:/Users/Steve/Documents/cloned_git_repos/brick_breaker/vhdl/ball_movement.vhd Line: 15
Error (10500): VHDL syntax error at ball_movement.vhd(35) near text "type";  expecting an identifier ("type" is a reserved keyword), or "constant", or "file", or "signal", or "variable" File: C:/Users/Steve/Documents/cloned_git_repos/brick_breaker/vhdl/ball_movement.vhd Line: 35
Error (10500): VHDL syntax error at ball_movement.vhd(35) near text ")";  expecting ":", or "," File: C:/Users/Steve/Documents/cloned_git_repos/brick_breaker/vhdl/ball_movement.vhd Line: 35
Error (10500): VHDL syntax error at ball_movement.vhd(38) near text "begin";  expecting an identifier ("begin" is a reserved keyword), or "constant", or "file", or "signal", or "variable" File: C:/Users/Steve/Documents/cloned_git_repos/brick_breaker/vhdl/ball_movement.vhd Line: 38
Error (10500): VHDL syntax error at ball_movement.vhd(40) near text ")";  expecting ":", or "," File: C:/Users/Steve/Documents/cloned_git_repos/brick_breaker/vhdl/ball_movement.vhd Line: 40
Error (10500): VHDL syntax error at ball_movement.vhd(67) near text ")";  expecting ":", or "," File: C:/Users/Steve/Documents/cloned_git_repos/brick_breaker/vhdl/ball_movement.vhd Line: 67
Info (12021): Found 0 design units, including 0 entities, in source file ball_movement.vhd
Info (12021): Found 2 design units, including 1 entities, in source file sync.vhd
    Info (12022): Found design unit 1: sync-behavioral File: C:/Users/Steve/Documents/cloned_git_repos/brick_breaker/vhdl/sync.vhd Line: 20
    Info (12023): Found entity 1: sync File: C:/Users/Steve/Documents/cloned_git_repos/brick_breaker/vhdl/sync.vhd Line: 5
Info (12021): Found 2 design units, including 1 entities, in source file sound_board.vhd
    Info (12022): Found design unit 1: sound_board-behavioral File: C:/Users/Steve/Documents/cloned_git_repos/brick_breaker/vhdl/sound_board.vhd Line: 13
    Info (12023): Found entity 1: sound_board File: C:/Users/Steve/Documents/cloned_git_repos/brick_breaker/vhdl/sound_board.vhd Line: 5
Info (12021): Found 2 design units, including 1 entities, in source file my_adc/synthesis/my_adc.vhd
    Info (12022): Found design unit 1: my_adc-rtl File: C:/Users/Steve/Documents/cloned_git_repos/brick_breaker/vhdl/my_adc/synthesis/my_adc.vhd Line: 24
    Info (12023): Found entity 1: my_adc File: C:/Users/Steve/Documents/cloned_git_repos/brick_breaker/vhdl/my_adc/synthesis/my_adc.vhd Line: 9
Info (12021): Found 1 design units, including 1 entities, in source file my_adc/synthesis/submodules/altera_up_avalon_adv_adc.v
    Info (12023): Found entity 1: altera_up_avalon_adv_adc File: C:/Users/Steve/Documents/cloned_git_repos/brick_breaker/vhdl/my_adc/synthesis/submodules/altera_up_avalon_adv_adc.v Line: 23
Info (12021): Found 1 design units, including 1 entities, in source file my_adc/synthesis/submodules/altera_modular_adc_control.v
    Info (12023): Found entity 1: altera_modular_adc_control File: C:/Users/Steve/Documents/cloned_git_repos/brick_breaker/vhdl/my_adc/synthesis/submodules/altera_modular_adc_control.v Line: 31
Info (12021): Found 1 design units, including 1 entities, in source file my_adc/synthesis/submodules/altera_modular_adc_control_avrg_fifo.v
    Info (12023): Found entity 1: altera_modular_adc_control_avrg_fifo File: C:/Users/Steve/Documents/cloned_git_repos/brick_breaker/vhdl/my_adc/synthesis/submodules/altera_modular_adc_control_avrg_fifo.v Line: 66
Info (12021): Found 1 design units, including 1 entities, in source file my_adc/synthesis/submodules/altera_modular_adc_control_fsm.v
    Info (12023): Found entity 1: altera_modular_adc_control_fsm File: C:/Users/Steve/Documents/cloned_git_repos/brick_breaker/vhdl/my_adc/synthesis/submodules/altera_modular_adc_control_fsm.v Line: 31
Info (12021): Found 1 design units, including 1 entities, in source file my_adc/synthesis/submodules/altera_modular_adc_sample_store.v
    Info (12023): Found entity 1: altera_modular_adc_sample_store File: C:/Users/Steve/Documents/cloned_git_repos/brick_breaker/vhdl/my_adc/synthesis/submodules/altera_modular_adc_sample_store.v Line: 31
Info (12021): Found 1 design units, including 1 entities, in source file my_adc/synthesis/submodules/altera_modular_adc_sample_store_ram.v
    Info (12023): Found entity 1: altera_modular_adc_sample_store_ram File: C:/Users/Steve/Documents/cloned_git_repos/brick_breaker/vhdl/my_adc/synthesis/submodules/altera_modular_adc_sample_store_ram.v Line: 66
Info (12021): Found 1 design units, including 1 entities, in source file my_adc/synthesis/submodules/altera_modular_adc_sequencer.v
    Info (12023): Found entity 1: altera_modular_adc_sequencer File: C:/Users/Steve/Documents/cloned_git_repos/brick_breaker/vhdl/my_adc/synthesis/submodules/altera_modular_adc_sequencer.v Line: 31
Info (12021): Found 1 design units, including 1 entities, in source file my_adc/synthesis/submodules/altera_modular_adc_sequencer_csr.v
    Info (12023): Found entity 1: altera_modular_adc_sequencer_csr File: C:/Users/Steve/Documents/cloned_git_repos/brick_breaker/vhdl/my_adc/synthesis/submodules/altera_modular_adc_sequencer_csr.v Line: 31
Info (12021): Found 1 design units, including 1 entities, in source file my_adc/synthesis/submodules/altera_modular_adc_sequencer_ctrl.v
    Info (12023): Found entity 1: altera_modular_adc_sequencer_ctrl File: C:/Users/Steve/Documents/cloned_git_repos/brick_breaker/vhdl/my_adc/synthesis/submodules/altera_modular_adc_sequencer_ctrl.v Line: 31
Info (12021): Found 1 design units, including 1 entities, in source file my_adc/synthesis/submodules/chsel_code_converter_sw_to_hw.v
    Info (12023): Found entity 1: chsel_code_converter_sw_to_hw File: C:/Users/Steve/Documents/cloned_git_repos/brick_breaker/vhdl/my_adc/synthesis/submodules/chsel_code_converter_sw_to_hw.v Line: 45
Info (12021): Found 1 design units, including 1 entities, in source file my_adc/synthesis/submodules/de10_lite_adc_core_modular_adc_0.v
    Info (12023): Found entity 1: DE10_Lite_ADC_Core_modular_adc_0 File: C:/Users/Steve/Documents/cloned_git_repos/brick_breaker/vhdl/my_adc/synthesis/submodules/DE10_Lite_ADC_Core_modular_adc_0.v Line: 22
Info (12021): Found 1 design units, including 1 entities, in source file my_adc/synthesis/submodules/fiftyfivenm_adcblock_primitive_wrapper.v
    Info (12023): Found entity 1: fiftyfivenm_adcblock_primitive_wrapper File: C:/Users/Steve/Documents/cloned_git_repos/brick_breaker/vhdl/my_adc/synthesis/submodules/fiftyfivenm_adcblock_primitive_wrapper.v Line: 50
Info (12021): Found 1 design units, including 1 entities, in source file my_adc/synthesis/submodules/fiftyfivenm_adcblock_top_wrapper.v
    Info (12023): Found entity 1: fiftyfivenm_adcblock_top_wrapper File: C:/Users/Steve/Documents/cloned_git_repos/brick_breaker/vhdl/my_adc/synthesis/submodules/fiftyfivenm_adcblock_top_wrapper.v Line: 44
Info (12021): Found 1 design units, including 1 entities, in source file my_adc/synthesis/submodules/my_adc_adc_mega_0.v
    Info (12023): Found entity 1: my_adc_adc_mega_0 File: C:/Users/Steve/Documents/cloned_git_repos/brick_breaker/vhdl/my_adc/synthesis/submodules/my_adc_adc_mega_0.v Line: 22
Info (12021): Found 2 design units, including 1 entities, in source file mypll.vhd
    Info (12022): Found design unit 1: mypll-SYN File: C:/Users/Steve/Documents/cloned_git_repos/brick_breaker/vhdl/myPLL.vhd Line: 52
    Info (12023): Found entity 1: myPLL File: C:/Users/Steve/Documents/cloned_git_repos/brick_breaker/vhdl/myPLL.vhd Line: 43
Info (12021): Found 2 design units, including 1 entities, in source file adcpll.vhd
    Info (12022): Found design unit 1: adcpll-SYN File: C:/Users/Steve/Documents/cloned_git_repos/brick_breaker/vhdl/adcPLL.vhd Line: 52
    Info (12023): Found entity 1: adcPLL File: C:/Users/Steve/Documents/cloned_git_repos/brick_breaker/vhdl/adcPLL.vhd Line: 43
Info (144001): Generated suppressed messages file C:/Users/Steve/Documents/cloned_git_repos/brick_breaker/vhdl/brick_breaker.map.smsg
Error: Quartus Prime Analysis & Synthesis was unsuccessful. 6 errors, 1 warning
    Error: Peak virtual memory: 4807 megabytes
    Error: Processing ended: Mon Dec 07 10:04:33 2020
    Error: Elapsed time: 00:00:25
    Error: Total CPU time (on all processors): 00:00:42


+------------------------------------------+
; Analysis & Synthesis Suppressed Messages ;
+------------------------------------------+
The suppressed messages can be found in C:/Users/Steve/Documents/cloned_git_repos/brick_breaker/vhdl/brick_breaker.map.smsg.


